<?xml version="1.0" encoding="UTF-8"?>
<!-- Generated by org.testng.reporters.JUnitReportReporter -->
<testsuite hostname="AliErdem" failures="0" tests="3" name="automation.TestMethods" time="78.599" errors="0" timestamp="2019-10-03T10:02:20 MSK" skipped="0">
  <testcase classname="automation.TestMethods" name="signUp" time="24.013"/>
  <testcase classname="automation.TestMethods" name="login" time="18.364"/>
  <testcase classname="automation.TestMethods" name="proceedToCheckout" time="36.222"/>
</testsuite> <!-- automation.TestMethods -->
